# JRE version: Java(TM) SE Runtime Environment (8.0_60-b27) (build 1.8.0_60-b27)
# Java VM: Java HotSpot(TM) 64-Bit Server VM (25.60-b23 mixed mode windows-amd64 compressed oops)
Heap:
 PSYoungGen      total 235008K, used 118407K [0x000000076c800000, 0x0000000781180000, 0x00000007c0000000)
  eden space 219648K, 47% used [0x000000076c800000,0x0000000772eec070,0x0000000779e80000)
  from space 15360K, 84% used [0x0000000779e80000,0x000000077ab35df0,0x000000077ad80000)
  to   space 16384K, 0% used [0x0000000780180000,0x0000000780180000,0x0000000781180000)
 ParOldGen       total 206336K, used 18773K [0x00000006c5800000, 0x00000006d2180000, 0x000000076c800000)
  object space 206336K, 9% used [0x00000006c5800000,0x00000006c6a55648,0x00000006d2180000)
 Metaspace       used 69976K, capacity 74006K, committed 74200K, reserved 1114112K
  class space    used 9434K, capacity 10092K, committed 10200K, reserved 1048576K
GC Heap History (10 events):
Event: 9.448 GC heap before
{Heap before GC invocations=10 (full 2):
 PSYoungGen      total 143872K, used 138593K [0x000000076c800000, 0x0000000779400000, 0x00000007c0000000)
  eden space 131584K, 100% used [0x000000076c800000,0x0000000774880000,0x0000000774880000)
  from space 12288K, 57% used [0x0000000774880000,0x0000000774f58750,0x0000000775480000)
  to   space 11776K, 0% used [0x0000000778880000,0x0000000778880000,0x0000000779400000)
 ParOldGen       total 172544K, used 15001K [0x00000006c5800000, 0x00000006d0080000, 0x000000076c800000)
  object space 172544K, 8% used [0x00000006c5800000,0x00000006c66a64b0,0x00000006d0080000)
 Metaspace       used 46257K, capacity 48640K, committed 48856K, reserved 1091584K
  class space    used 6144K, capacity 6543K, committed 6616K, reserved 1048576K
Event: 9.460 GC heap after
Heap after GC invocations=10 (full 2):
 PSYoungGen      total 192000K, used 11746K [0x000000076c800000, 0x0000000779400000, 0x00000007c0000000)
  eden space 180224K, 0% used [0x000000076c800000,0x000000076c800000,0x0000000777800000)
  from space 11776K, 99% used [0x0000000778880000,0x00000007793f8af0,0x0000000779400000)
  to   space 13312K, 0% used [0x0000000777a00000,0x0000000777a00000,0x0000000778700000)
 ParOldGen       total 172544K, used 15271K [0x00000006c5800000, 0x00000006d0080000, 0x000000076c800000)
  object space 172544K, 8% used [0x00000006c5800000,0x00000006c66e9ce0,0x00000006d0080000)
 Metaspace       used 46257K, capacity 48640K, committed 48856K, reserved 1091584K
  class space    used 6144K, capacity 6543K, committed 6616K, reserved 1048576K
}
Event: 11.506 GC heap before
{Heap before GC invocations=11 (full 2):
 PSYoungGen      total 192000K, used 191970K [0x000000076c800000, 0x0000000779400000, 0x00000007c0000000)
  eden space 180224K, 100% used [0x000000076c800000,0x0000000777800000,0x0000000777800000)
  from space 11776K, 99% used [0x0000000778880000,0x00000007793f8af0,0x0000000779400000)
  to   space 13312K, 0% used [0x0000000777a00000,0x0000000777a00000,0x0000000778700000)
 ParOldGen       total 172544K, used 15271K [0x00000006c5800000, 0x00000006d0080000, 0x000000076c800000)
  object space 172544K, 8% used [0x00000006c5800000,0x00000006c66e9ce0,0x00000006d0080000)
 Metaspace       used 55897K, capacity 58544K, committed 58712K, reserved 1099776K
  class space    used 7528K, capacity 7987K, committed 8024K, reserved 1048576K
Event: 11.525 GC heap after
Heap after GC invocations=11 (full 2):
 PSYoungGen      total 195584K, used 13295K [0x000000076c800000, 0x000000077bd00000, 0x00000007c0000000)
  eden space 182272K, 0% used [0x000000076c800000,0x000000076c800000,0x0000000777a00000)
  from space 13312K, 99% used [0x0000000777a00000,0x00000007786fbd90,0x0000000778700000)
  to   space 15872K, 0% used [0x000000077ad80000,0x000000077ad80000,0x000000077bd00000)
 ParOldGen       total 172544K, used 18038K [0x00000006c5800000, 0x00000006d0080000, 0x000000076c800000)
  object space 172544K, 10% used [0x00000006c5800000,0x00000006c699d930,0x00000006d0080000)
 Metaspace       used 55897K, capacity 58544K, committed 58712K, reserved 1099776K
  class space    used 7528K, capacity 7987K, committed 8024K, reserved 1048576K
}
Event: 11.590 GC heap before
{Heap before GC invocations=12 (full 2):
 PSYoungGen      total 195584K, used 20223K [0x000000076c800000, 0x000000077bd00000, 0x00000007c0000000)
  eden space 182272K, 3% used [0x000000076c800000,0x000000076cec4060,0x0000000777a00000)
  from space 13312K, 99% used [0x0000000777a00000,0x00000007786fbd90,0x0000000778700000)
  to   space 15872K, 0% used [0x000000077ad80000,0x000000077ad80000,0x000000077bd00000)
 ParOldGen       total 172544K, used 18038K [0x00000006c5800000, 0x00000006d0080000, 0x000000076c800000)
  object space 172544K, 10% used [0x00000006c5800000,0x00000006c699d930,0x00000006d0080000)
 Metaspace       used 56325K, capacity 58916K, committed 58968K, reserved 1099776K
  class space    used 7577K, capacity 8023K, committed 8024K, reserved 1048576K
Event: 11.602 GC heap after
Heap after GC invocations=12 (full 2):
 PSYoungGen      total 235520K, used 8940K [0x000000076c800000, 0x000000077e380000, 0x00000007c0000000)
  eden space 219648K, 0% used [0x000000076c800000,0x000000076c800000,0x0000000779e80000)
  from space 15872K, 56% used [0x000000077ad80000,0x000000077b63b2b8,0x000000077bd00000)
  to   space 15360K, 0% used [0x0000000779e80000,0x0000000779e80000,0x000000077ad80000)
 ParOldGen       total 172544K, used 18046K [0x00000006c5800000, 0x00000006d0080000, 0x000000076c800000)
  object space 172544K, 10% used [0x00000006c5800000,0x00000006c699f930,0x00000006d0080000)
 Metaspace       used 56325K, capacity 58916K, committed 58968K, reserved 1099776K
  class space    used 7577K, capacity 8023K, committed 8024K, reserved 1048576K
}
Event: 11.602 GC heap before
{Heap before GC invocations=13 (full 3):
 PSYoungGen      total 235520K, used 8940K [0x000000076c800000, 0x000000077e380000, 0x00000007c0000000)
  eden space 219648K, 0% used [0x000000076c800000,0x000000076c800000,0x0000000779e80000)
  from space 15872K, 56% used [0x000000077ad80000,0x000000077b63b2b8,0x000000077bd00000)
  to   space 15360K, 0% used [0x0000000779e80000,0x0000000779e80000,0x000000077ad80000)
 ParOldGen       total 172544K, used 18046K [0x00000006c5800000, 0x00000006d0080000, 0x000000076c800000)
  object space 172544K, 10% used [0x00000006c5800000,0x00000006c699f930,0x00000006d0080000)
 Metaspace       used 56325K, capacity 58916K, committed 58968K, reserved 1099776K
  class space    used 7577K, capacity 8023K, committed 8024K, reserved 1048576K
Event: 11.737 GC heap after
Heap after GC invocations=13 (full 3):
 PSYoungGen      total 235520K, used 0K [0x000000076c800000, 0x000000077e380000, 0x00000007c0000000)
  eden space 219648K, 0% used [0x000000076c800000,0x000000076c800000,0x0000000779e80000)
  from space 15872K, 0% used [0x000000077ad80000,0x000000077ad80000,0x000000077bd00000)
  to   space 15360K, 0% used [0x0000000779e80000,0x0000000779e80000,0x000000077ad80000)
 ParOldGen       total 206336K, used 18765K [0x00000006c5800000, 0x00000006d2180000, 0x000000076c800000)
  object space 206336K, 9% used [0x00000006c5800000,0x00000006c6a53648,0x00000006d2180000)
 Metaspace       used 56325K, capacity 58916K, committed 58968K, reserved 1099776K
  class space    used 7577K, capacity 8023K, committed 8024K, reserved 1048576K
}
Event: 14.904 GC heap before
{Heap before GC invocations=14 (full 3):
 PSYoungGen      total 235520K, used 219648K [0x000000076c800000, 0x000000077e380000, 0x00000007c0000000)
  eden space 219648K, 100% used [0x000000076c800000,0x0000000779e80000,0x0000000779e80000)
  from space 15872K, 0% used [0x000000077ad80000,0x000000077ad80000,0x000000077bd00000)
  to   space 15360K, 0% used [0x0000000779e80000,0x0000000779e80000,0x000000077ad80000)
 ParOldGen       total 206336K, used 18765K [0x00000006c5800000, 0x00000006d2180000, 0x000000076c800000)
  object space 206336K, 9% used [0x00000006c5800000,0x00000006c6a53648,0x00000006d2180000)
 Metaspace       used 64263K, capacity 68012K, committed 68312K, reserved 1107968K
  class space    used 8721K, capacity 9329K, committed 9432K, reserved 1048576K
Event: 14.931 GC heap after
Heap after GC invocations=14 (full 3):
 PSYoungGen      total 235008K, used 13015K [0x000000076c800000, 0x0000000781180000, 0x00000007c0000000)
  eden space 219648K, 0% used [0x000000076c800000,0x000000076c800000,0x0000000779e80000)
  from space 15360K, 84% used [0x0000000779e80000,0x000000077ab35df0,0x000000077ad80000)
  to   space 16384K, 0% used [0x0000000780180000,0x0000000780180000,0x0000000781180000)
 ParOldGen       total 206336K, used 18773K [0x00000006c5800000, 0x00000006d2180000, 0x000000076c800000)
  object space 206336K, 9% used [0x00000006c5800000,0x00000006c6a55648,0x00000006d2180000)
 Metaspace       used 64263K, capacity 68012K, committed 68312K, reserved 1107968K
  class space    used 8721K, capacity 9329K, committed 9432K, reserved 1048576K
}

