# JRE version: Java(TM) SE Runtime Environment (8.0_60-b27) (build 1.8.0_60-b27)
# Java VM: Java HotSpot(TM) 64-Bit Server VM (25.60-b23 mixed mode windows-amd64 compressed oops)
Heap:
 PSYoungGen      total 445952K, used 35905K [0x000000076c800000, 0x0000000789900000, 0x00000007c0000000)
  eden space 429056K, 4% used [0x000000076c800000,0x000000076da93bf0,0x0000000786b00000)
  from space 16896K, 99% used [0x0000000788880000,0x00000007898fc960,0x0000000789900000)
  to   space 19456K, 0% used [0x0000000787300000,0x0000000787300000,0x0000000788600000)
 ParOldGen       total 162816K, used 21000K [0x00000006c5800000, 0x00000006cf700000, 0x000000076c800000)
  object space 162816K, 12% used [0x00000006c5800000,0x00000006c6c820e0,0x00000006cf700000)
 Metaspace       used 69686K, capacity 73682K, committed 73816K, reserved 1114112K
  class space    used 9407K, capacity 10052K, committed 10072K, reserved 1048576K
GC Heap History (10 events):
Event: 7.890 GC heap before
{Heap before GC invocations=9 (full 2):
 PSYoungGen      total 229376K, used 219648K [0x000000076c800000, 0x000000077b600000, 0x00000007c0000000)
  eden space 219648K, 100% used [0x000000076c800000,0x0000000779e80000,0x0000000779e80000)
  from space 9728K, 0% used [0x000000077ac80000,0x000000077ac80000,0x000000077b600000)
  to   space 11776K, 0% used [0x0000000779f00000,0x0000000779f00000,0x000000077aa80000)
 ParOldGen       total 131584K, used 15116K [0x00000006c5800000, 0x00000006cd880000, 0x000000076c800000)
  object space 131584K, 11% used [0x00000006c5800000,0x00000006c66c31a8,0x00000006cd880000)
 Metaspace       used 43821K, capacity 46196K, committed 46296K, reserved 1089536K
  class space    used 5651K, capacity 6049K, committed 6104K, reserved 1048576K
Event: 7.907 GC heap after
Heap after GC invocations=9 (full 2):
 PSYoungGen      total 231936K, used 11774K [0x000000076c800000, 0x0000000782280000, 0x00000007c0000000)
  eden space 220160K, 0% used [0x000000076c800000,0x000000076c800000,0x0000000779f00000)
  from space 11776K, 99% used [0x0000000779f00000,0x000000077aa7fb78,0x000000077aa80000)
  to   space 13824K, 0% used [0x0000000781500000,0x0000000781500000,0x0000000782280000)
 ParOldGen       total 131584K, used 16354K [0x00000006c5800000, 0x00000006cd880000, 0x000000076c800000)
  object space 131584K, 12% used [0x00000006c5800000,0x00000006c67f88a0,0x00000006cd880000)
 Metaspace       used 43821K, capacity 46196K, committed 46296K, reserved 1089536K
  class space    used 5651K, capacity 6049K, committed 6104K, reserved 1048576K
}
Event: 10.106 GC heap before
{Heap before GC invocations=10 (full 2):
 PSYoungGen      total 231936K, used 231934K [0x000000076c800000, 0x0000000782280000, 0x00000007c0000000)
  eden space 220160K, 100% used [0x000000076c800000,0x0000000779f00000,0x0000000779f00000)
  from space 11776K, 99% used [0x0000000779f00000,0x000000077aa7fb78,0x000000077aa80000)
  to   space 13824K, 0% used [0x0000000781500000,0x0000000781500000,0x0000000782280000)
 ParOldGen       total 131584K, used 16354K [0x00000006c5800000, 0x00000006cd880000, 0x000000076c800000)
  object space 131584K, 12% used [0x00000006c5800000,0x00000006c67f88a0,0x00000006cd880000)
 Metaspace       used 55647K, capacity 58244K, committed 58456K, reserved 1099776K
  class space    used 7500K, capacity 7949K, committed 8024K, reserved 1048576K
Event: 10.132 GC heap after
Heap after GC invocations=10 (full 2):
 PSYoungGen      total 333312K, used 13822K [0x000000076c800000, 0x0000000782280000, 0x00000007c0000000)
  eden space 319488K, 0% used [0x000000076c800000,0x000000076c800000,0x0000000780000000)
  from space 13824K, 99% used [0x0000000781500000,0x000000078227fa78,0x0000000782280000)
  to   space 17408K, 0% used [0x0000000780080000,0x0000000780080000,0x0000000781180000)
 ParOldGen       total 131584K, used 20223K [0x00000006c5800000, 0x00000006cd880000, 0x000000076c800000)
  object space 131584K, 15% used [0x00000006c5800000,0x00000006c6bbfc58,0x00000006cd880000)
 Metaspace       used 55647K, capacity 58244K, committed 58456K, reserved 1099776K
  class space    used 7500K, capacity 7949K, committed 8024K, reserved 1048576K
}
Event: 10.264 GC heap before
{Heap before GC invocations=11 (full 2):
 PSYoungGen      total 333312K, used 25551K [0x000000076c800000, 0x0000000782280000, 0x00000007c0000000)
  eden space 319488K, 3% used [0x000000076c800000,0x000000076d374480,0x0000000780000000)
  from space 13824K, 99% used [0x0000000781500000,0x000000078227fa78,0x0000000782280000)
  to   space 17408K, 0% used [0x0000000780080000,0x0000000780080000,0x0000000781180000)
 ParOldGen       total 131584K, used 20223K [0x00000006c5800000, 0x00000006cd880000, 0x000000076c800000)
  object space 131584K, 15% used [0x00000006c5800000,0x00000006c6bbfc58,0x00000006cd880000)
 Metaspace       used 56354K, capacity 58928K, committed 58968K, reserved 1099776K
  class space    used 7578K, capacity 8023K, committed 8024K, reserved 1048576K
Event: 10.284 GC heap after
Heap after GC invocations=11 (full 2):
 PSYoungGen      total 337408K, used 9115K [0x000000076c800000, 0x0000000789900000, 0x00000007c0000000)
  eden space 320000K, 0% used [0x000000076c800000,0x000000076c800000,0x0000000780080000)
  from space 17408K, 52% used [0x0000000780080000,0x0000000780966e70,0x0000000781180000)
  to   space 16896K, 0% used [0x0000000788880000,0x0000000788880000,0x0000000789900000)
 ParOldGen       total 131584K, used 20223K [0x00000006c5800000, 0x00000006cd880000, 0x000000076c800000)
  object space 131584K, 15% used [0x00000006c5800000,0x00000006c6bbfc58,0x00000006cd880000)
 Metaspace       used 56354K, capacity 58928K, committed 58968K, reserved 1099776K
  class space    used 7578K, capacity 8023K, committed 8024K, reserved 1048576K
}
Event: 10.284 GC heap before
{Heap before GC invocations=12 (full 3):
 PSYoungGen      total 337408K, used 9115K [0x000000076c800000, 0x0000000789900000, 0x00000007c0000000)
  eden space 320000K, 0% used [0x000000076c800000,0x000000076c800000,0x0000000780080000)
  from space 17408K, 52% used [0x0000000780080000,0x0000000780966e70,0x0000000781180000)
  to   space 16896K, 0% used [0x0000000788880000,0x0000000788880000,0x0000000789900000)
 ParOldGen       total 131584K, used 20223K [0x00000006c5800000, 0x00000006cd880000, 0x000000076c800000)
  object space 131584K, 15% used [0x00000006c5800000,0x00000006c6bbfc58,0x00000006cd880000)
 Metaspace       used 56354K, capacity 58928K, committed 58968K, reserved 1099776K
  class space    used 7578K, capacity 8023K, committed 8024K, reserved 1048576K
Event: 10.420 GC heap after
Heap after GC invocations=12 (full 3):
 PSYoungGen      total 337408K, used 0K [0x000000076c800000, 0x0000000789900000, 0x00000007c0000000)
  eden space 320000K, 0% used [0x000000076c800000,0x000000076c800000,0x0000000780080000)
  from space 17408K, 0% used [0x0000000780080000,0x0000000780080000,0x0000000781180000)
  to   space 16896K, 0% used [0x0000000788880000,0x0000000788880000,0x0000000789900000)
 ParOldGen       total 162816K, used 18977K [0x00000006c5800000, 0x00000006cf700000, 0x000000076c800000)
  object space 162816K, 11% used [0x00000006c5800000,0x00000006c6a88538,0x00000006cf700000)
 Metaspace       used 56354K, capacity 58928K, committed 58968K, reserved 1099776K
  class space    used 7578K, capacity 8023K, committed 8024K, reserved 1048576K
}
Event: 65.289 GC heap before
{Heap before GC invocations=13 (full 3):
 PSYoungGen      total 337408K, used 320000K [0x000000076c800000, 0x0000000789900000, 0x00000007c0000000)
  eden space 320000K, 100% used [0x000000076c800000,0x0000000780080000,0x0000000780080000)
  from space 17408K, 0% used [0x0000000780080000,0x0000000780080000,0x0000000781180000)
  to   space 16896K, 0% used [0x0000000788880000,0x0000000788880000,0x0000000789900000)
 ParOldGen       total 162816K, used 18977K [0x00000006c5800000, 0x00000006cf700000, 0x000000076c800000)
  object space 162816K, 11% used [0x00000006c5800000,0x00000006c6a88538,0x00000006cf700000)
 Metaspace       used 69639K, capacity 73554K, committed 73816K, reserved 1114112K
  class space    used 9406K, capacity 10052K, committed 10072K, reserved 1048576K
Event: 65.340 GC heap after
Heap after GC invocations=13 (full 3):
 PSYoungGen      total 445952K, used 16882K [0x000000076c800000, 0x0000000789900000, 0x00000007c0000000)
  eden space 429056K, 0% used [0x000000076c800000,0x000000076c800000,0x0000000786b00000)
  from space 16896K, 99% used [0x0000000788880000,0x00000007898fc960,0x0000000789900000)
  to   space 19456K, 0% used [0x0000000787300000,0x0000000787300000,0x0000000788600000)
 ParOldGen       total 162816K, used 21000K [0x00000006c5800000, 0x00000006cf700000, 0x000000076c800000)
  object space 162816K, 12% used [0x00000006c5800000,0x00000006c6c820e0,0x00000006cf700000)
 Metaspace       used 69639K, capacity 73554K, committed 73816K, reserved 1114112K
  class space    used 9406K, capacity 10052K, committed 10072K, reserved 1048576K
}

