# JRE version: Java(TM) SE Runtime Environment (8.0_60-b27) (build 1.8.0_60-b27)
# Java VM: Java HotSpot(TM) 64-Bit Server VM (25.60-b23 mixed mode windows-amd64 compressed oops)
Heap:
 PSYoungGen      total 356352K, used 326860K [0x000000076c800000, 0x000000078c300000, 0x00000007c0000000)
  eden space 338432K, 96% used [0x000000076c800000,0x0000000780733278,0x0000000781280000)
  from space 17920K, 0% used [0x0000000781280000,0x0000000781280000,0x0000000782400000)
  to   space 16896K, 0% used [0x000000078b280000,0x000000078b280000,0x000000078c300000)
 ParOldGen       total 149504K, used 18712K [0x00000006c5800000, 0x00000006cea00000, 0x000000076c800000)
  object space 149504K, 12% used [0x00000006c5800000,0x00000006c6a46010,0x00000006cea00000)
 Metaspace       used 69669K, capacity 73628K, committed 73816K, reserved 1114112K
  class space    used 9408K, capacity 10055K, committed 10072K, reserved 1048576K
GC Heap History (10 events):
Event: 5.152 GC heap before
{Heap before GC invocations=8 (full 2):
 PSYoungGen      total 231424K, used 9699K [0x000000076c800000, 0x000000077b880000, 0x00000007c0000000)
  eden space 221696K, 0% used [0x000000076c800000,0x000000076c800000,0x000000077a080000)
  from space 9728K, 99% used [0x000000077af00000,0x000000077b878f90,0x000000077b880000)
  to   space 11776K, 0% used [0x000000077a180000,0x000000077a180000,0x000000077ad00000)
 ParOldGen       total 82432K, used 6273K [0x00000006c5800000, 0x00000006ca880000, 0x000000076c800000)
  object space 82432K, 7% used [0x00000006c5800000,0x00000006c5e20540,0x00000006ca880000)
 Metaspace       used 33708K, capacity 35296K, committed 35416K, reserved 1079296K
  class space    used 4317K, capacity 4638K, committed 4696K, reserved 1048576K
Event: 5.254 GC heap after
Heap after GC invocations=8 (full 2):
 PSYoungGen      total 231424K, used 0K [0x000000076c800000, 0x000000077b880000, 0x00000007c0000000)
  eden space 221696K, 0% used [0x000000076c800000,0x000000076c800000,0x000000077a080000)
  from space 9728K, 0% used [0x000000077af00000,0x000000077af00000,0x000000077b880000)
  to   space 11776K, 0% used [0x000000077a180000,0x000000077a180000,0x000000077ad00000)
 ParOldGen       total 124928K, used 15104K [0x00000006c5800000, 0x00000006cd200000, 0x000000076c800000)
  object space 124928K, 12% used [0x00000006c5800000,0x00000006c66c0380,0x00000006cd200000)
 Metaspace       used 33708K, capacity 35296K, committed 35416K, reserved 1079296K
  class space    used 4317K, capacity 4638K, committed 4696K, reserved 1048576K
}
Event: 7.312 GC heap before
{Heap before GC invocations=9 (full 2):
 PSYoungGen      total 231424K, used 221696K [0x000000076c800000, 0x000000077b880000, 0x00000007c0000000)
  eden space 221696K, 100% used [0x000000076c800000,0x000000077a080000,0x000000077a080000)
  from space 9728K, 0% used [0x000000077af00000,0x000000077af00000,0x000000077b880000)
  to   space 11776K, 0% used [0x000000077a180000,0x000000077a180000,0x000000077ad00000)
 ParOldGen       total 124928K, used 15104K [0x00000006c5800000, 0x00000006cd200000, 0x000000076c800000)
  object space 124928K, 12% used [0x00000006c5800000,0x00000006c66c0380,0x00000006cd200000)
 Metaspace       used 43985K, capacity 46366K, committed 46552K, reserved 1089536K
  class space    used 5678K, capacity 6084K, committed 6104K, reserved 1048576K
Event: 7.330 GC heap after
Heap after GC invocations=9 (full 2):
 PSYoungGen      total 234496K, used 11761K [0x000000076c800000, 0x0000000783500000, 0x00000007c0000000)
  eden space 222720K, 0% used [0x000000076c800000,0x000000076c800000,0x000000077a180000)
  from space 11776K, 99% used [0x000000077a180000,0x000000077acfc570,0x000000077ad00000)
  to   space 14336K, 0% used [0x0000000782700000,0x0000000782700000,0x0000000783500000)
 ParOldGen       total 124928K, used 16555K [0x00000006c5800000, 0x00000006cd200000, 0x000000076c800000)
  object space 124928K, 13% used [0x00000006c5800000,0x00000006c682ae58,0x00000006cd200000)
 Metaspace       used 43985K, capacity 46366K, committed 46552K, reserved 1089536K
  class space    used 5678K, capacity 6084K, committed 6104K, reserved 1048576K
}
Event: 9.179 GC heap before
{Heap before GC invocations=10 (full 2):
 PSYoungGen      total 234496K, used 234481K [0x000000076c800000, 0x0000000783500000, 0x00000007c0000000)
  eden space 222720K, 100% used [0x000000076c800000,0x000000077a180000,0x000000077a180000)
  from space 11776K, 99% used [0x000000077a180000,0x000000077acfc570,0x000000077ad00000)
  to   space 14336K, 0% used [0x0000000782700000,0x0000000782700000,0x0000000783500000)
 ParOldGen       total 124928K, used 16555K [0x00000006c5800000, 0x00000006cd200000, 0x000000076c800000)
  object space 124928K, 13% used [0x00000006c5800000,0x00000006c682ae58,0x00000006cd200000)
 Metaspace       used 55923K, capacity 58554K, committed 58712K, reserved 1099776K
  class space    used 7532K, capacity 7988K, committed 8024K, reserved 1048576K
Event: 9.207 GC heap after
Heap after GC invocations=10 (full 2):
 PSYoungGen      total 352768K, used 14318K [0x000000076c800000, 0x0000000783580000, 0x00000007c0000000)
  eden space 338432K, 0% used [0x000000076c800000,0x000000076c800000,0x0000000781280000)
  from space 14336K, 99% used [0x0000000782700000,0x00000007834fba98,0x0000000783500000)
  to   space 17920K, 0% used [0x0000000781280000,0x0000000781280000,0x0000000782400000)
 ParOldGen       total 124928K, used 20257K [0x00000006c5800000, 0x00000006cd200000, 0x000000076c800000)
  object space 124928K, 16% used [0x00000006c5800000,0x00000006c6bc8608,0x00000006cd200000)
 Metaspace       used 55923K, capacity 58554K, committed 58712K, reserved 1099776K
  class space    used 7532K, capacity 7988K, committed 8024K, reserved 1048576K
}
Event: 9.263 GC heap before
{Heap before GC invocations=11 (full 2):
 PSYoungGen      total 352768K, used 20835K [0x000000076c800000, 0x0000000783580000, 0x00000007c0000000)
  eden space 338432K, 1% used [0x000000076c800000,0x000000076ce5d488,0x0000000781280000)
  from space 14336K, 99% used [0x0000000782700000,0x00000007834fba98,0x0000000783500000)
  to   space 17920K, 0% used [0x0000000781280000,0x0000000781280000,0x0000000782400000)
 ParOldGen       total 124928K, used 20257K [0x00000006c5800000, 0x00000006cd200000, 0x000000076c800000)
  object space 124928K, 16% used [0x00000006c5800000,0x00000006c6bc8608,0x00000006cd200000)
 Metaspace       used 56351K, capacity 58920K, committed 58968K, reserved 1099776K
  class space    used 7576K, capacity 8023K, committed 8024K, reserved 1048576K
Event: 9.277 GC heap after
Heap after GC invocations=11 (full 2):
 PSYoungGen      total 356352K, used 8875K [0x000000076c800000, 0x000000078c300000, 0x00000007c0000000)
  eden space 338432K, 0% used [0x000000076c800000,0x000000076c800000,0x0000000781280000)
  from space 17920K, 49% used [0x0000000781280000,0x0000000781b2ae80,0x0000000782400000)
  to   space 16896K, 0% used [0x000000078b280000,0x000000078b280000,0x000000078c300000)
 ParOldGen       total 124928K, used 20257K [0x00000006c5800000, 0x00000006cd200000, 0x000000076c800000)
  object space 124928K, 16% used [0x00000006c5800000,0x00000006c6bc8608,0x00000006cd200000)
 Metaspace       used 56351K, capacity 58920K, committed 58968K, reserved 1099776K
  class space    used 7576K, capacity 8023K, committed 8024K, reserved 1048576K
}
Event: 9.277 GC heap before
{Heap before GC invocations=12 (full 3):
 PSYoungGen      total 356352K, used 8875K [0x000000076c800000, 0x000000078c300000, 0x00000007c0000000)
  eden space 338432K, 0% used [0x000000076c800000,0x000000076c800000,0x0000000781280000)
  from space 17920K, 49% used [0x0000000781280000,0x0000000781b2ae80,0x0000000782400000)
  to   space 16896K, 0% used [0x000000078b280000,0x000000078b280000,0x000000078c300000)
 ParOldGen       total 124928K, used 20257K [0x00000006c5800000, 0x00000006cd200000, 0x000000076c800000)
  object space 124928K, 16% used [0x00000006c5800000,0x00000006c6bc8608,0x00000006cd200000)
 Metaspace       used 56351K, capacity 58920K, committed 58968K, reserved 1099776K
  class space    used 7576K, capacity 8023K, committed 8024K, reserved 1048576K
Event: 9.416 GC heap after
Heap after GC invocations=12 (full 3):
 PSYoungGen      total 356352K, used 0K [0x000000076c800000, 0x000000078c300000, 0x00000007c0000000)
  eden space 338432K, 0% used [0x000000076c800000,0x000000076c800000,0x0000000781280000)
  from space 17920K, 0% used [0x0000000781280000,0x0000000781280000,0x0000000782400000)
  to   space 16896K, 0% used [0x000000078b280000,0x000000078b280000,0x000000078c300000)
 ParOldGen       total 149504K, used 18712K [0x00000006c5800000, 0x00000006cea00000, 0x000000076c800000)
  object space 149504K, 12% used [0x00000006c5800000,0x00000006c6a46010,0x00000006cea00000)
 Metaspace       used 56351K, capacity 58920K, committed 58968K, reserved 1099776K
  class space    used 7576K, capacity 8023K, committed 8024K, reserved 1048576K
}

