# JRE version: Java(TM) SE Runtime Environment (8.0_60-b27) (build 1.8.0_60-b27)
# Java VM: Java HotSpot(TM) 64-Bit Server VM (25.60-b23 mixed mode windows-amd64 compressed oops)
Heap:
 PSYoungGen      total 272896K, used 136686K [0x000000076c800000, 0x000000077ed80000, 0x00000007c0000000)
  eden space 260096K, 47% used [0x000000076c800000,0x000000077412a5a8,0x000000077c600000)
  from space 12800K, 98% used [0x000000077e100000,0x000000077ed51258,0x000000077ed80000)
  to   space 16384K, 0% used [0x000000077cd80000,0x000000077cd80000,0x000000077dd80000)
 ParOldGen       total 227840K, used 24900K [0x00000006c5800000, 0x00000006d3680000, 0x000000076c800000)
  object space 227840K, 10% used [0x00000006c5800000,0x00000006c7051090,0x00000006d3680000)
 Metaspace       used 70313K, capacity 74362K, committed 74496K, reserved 1114112K
  class space    used 9487K, capacity 10138K, committed 10240K, reserved 1048576K
GC Heap History (10 events):
Event: 6.675 GC heap before
{Heap before GC invocations=9 (full 2):
 PSYoungGen      total 155648K, used 146944K [0x000000076c800000, 0x0000000779180000, 0x00000007c0000000)
  eden space 146944K, 100% used [0x000000076c800000,0x0000000775780000,0x0000000775780000)
  from space 8704K, 0% used [0x0000000776200000,0x0000000776200000,0x0000000776a80000)
  to   space 10752K, 0% used [0x0000000775780000,0x0000000775780000,0x0000000776200000)
 ParOldGen       total 163840K, used 15414K [0x00000006c5800000, 0x00000006cf800000, 0x000000076c800000)
  object space 163840K, 9% used [0x00000006c5800000,0x00000006c670d858,0x00000006cf800000)
 Metaspace       used 40000K, capacity 42294K, committed 42368K, reserved 1085440K
  class space    used 5106K, capacity 5503K, committed 5504K, reserved 1048576K
Event: 6.691 GC heap after
Heap after GC invocations=9 (full 2):
 PSYoungGen      total 157696K, used 8750K [0x000000076c800000, 0x000000077ae00000, 0x00000007c0000000)
  eden space 146944K, 0% used [0x000000076c800000,0x000000076c800000,0x0000000775780000)
  from space 10752K, 81% used [0x0000000775780000,0x000000077600b9b8,0x0000000776200000)
  to   space 11264K, 0% used [0x000000077a300000,0x000000077a300000,0x000000077ae00000)
 ParOldGen       total 163840K, used 15414K [0x00000006c5800000, 0x00000006cf800000, 0x000000076c800000)
  object space 163840K, 9% used [0x00000006c5800000,0x00000006c670d858,0x00000006cf800000)
 Metaspace       used 40000K, capacity 42294K, committed 42368K, reserved 1085440K
  class space    used 5106K, capacity 5503K, committed 5504K, reserved 1048576K
}
Event: 7.925 GC heap before
{Heap before GC invocations=10 (full 2):
 PSYoungGen      total 157696K, used 155694K [0x000000076c800000, 0x000000077ae00000, 0x00000007c0000000)
  eden space 146944K, 100% used [0x000000076c800000,0x0000000775780000,0x0000000775780000)
  from space 10752K, 81% used [0x0000000775780000,0x000000077600b9b8,0x0000000776200000)
  to   space 11264K, 0% used [0x000000077a300000,0x000000077a300000,0x000000077ae00000)
 ParOldGen       total 163840K, used 15414K [0x00000006c5800000, 0x00000006cf800000, 0x000000076c800000)
  object space 163840K, 9% used [0x00000006c5800000,0x00000006c670d858,0x00000006cf800000)
 Metaspace       used 47619K, capacity 50030K, committed 50304K, reserved 1093632K
  class space    used 6349K, capacity 6770K, committed 6784K, reserved 1048576K
Event: 7.951 GC heap after
Heap after GC invocations=10 (full 2):
 PSYoungGen      total 222208K, used 11251K [0x000000076c800000, 0x000000077b780000, 0x00000007c0000000)
  eden space 210944K, 0% used [0x000000076c800000,0x000000076c800000,0x0000000779600000)
  from space 11264K, 99% used [0x000000077a300000,0x000000077adfcd80,0x000000077ae00000)
  to   space 13312K, 0% used [0x0000000779600000,0x0000000779600000,0x000000077a300000)
 ParOldGen       total 163840K, used 17404K [0x00000006c5800000, 0x00000006cf800000, 0x000000076c800000)
  object space 163840K, 10% used [0x00000006c5800000,0x00000006c68ff338,0x00000006cf800000)
 Metaspace       used 47619K, capacity 50030K, committed 50304K, reserved 1093632K
  class space    used 6349K, capacity 6770K, committed 6784K, reserved 1048576K
}
Event: 9.459 GC heap before
{Heap before GC invocations=11 (full 2):
 PSYoungGen      total 222208K, used 173513K [0x000000076c800000, 0x000000077b780000, 0x00000007c0000000)
  eden space 210944K, 76% used [0x000000076c800000,0x00000007766757f8,0x0000000779600000)
  from space 11264K, 99% used [0x000000077a300000,0x000000077adfcd80,0x000000077ae00000)
  to   space 13312K, 0% used [0x0000000779600000,0x0000000779600000,0x000000077a300000)
 ParOldGen       total 163840K, used 17404K [0x00000006c5800000, 0x00000006cf800000, 0x000000076c800000)
  object space 163840K, 10% used [0x00000006c5800000,0x00000006c68ff338,0x00000006cf800000)
 Metaspace       used 56512K, capacity 59082K, committed 59096K, reserved 1099776K
  class space    used 7600K, capacity 8056K, committed 8064K, reserved 1048576K
Event: 9.480 GC heap after
Heap after GC invocations=11 (full 2):
 PSYoungGen      total 224256K, used 13297K [0x000000076c800000, 0x000000077f080000, 0x00000007c0000000)
  eden space 210944K, 0% used [0x000000076c800000,0x000000076c800000,0x0000000779600000)
  from space 13312K, 99% used [0x0000000779600000,0x000000077a2fc518,0x000000077a300000)
  to   space 15872K, 0% used [0x000000077e100000,0x000000077e100000,0x000000077f080000)
 ParOldGen       total 163840K, used 19507K [0x00000006c5800000, 0x00000006cf800000, 0x000000076c800000)
  object space 163840K, 11% used [0x00000006c5800000,0x00000006c6b0cfe0,0x00000006cf800000)
 Metaspace       used 56512K, capacity 59082K, committed 59096K, reserved 1099776K
  class space    used 7600K, capacity 8056K, committed 8064K, reserved 1048576K
}
Event: 9.480 GC heap before
{Heap before GC invocations=12 (full 3):
 PSYoungGen      total 224256K, used 13297K [0x000000076c800000, 0x000000077f080000, 0x00000007c0000000)
  eden space 210944K, 0% used [0x000000076c800000,0x000000076c800000,0x0000000779600000)
  from space 13312K, 99% used [0x0000000779600000,0x000000077a2fc518,0x000000077a300000)
  to   space 15872K, 0% used [0x000000077e100000,0x000000077e100000,0x000000077f080000)
 ParOldGen       total 163840K, used 19507K [0x00000006c5800000, 0x00000006cf800000, 0x000000076c800000)
  object space 163840K, 11% used [0x00000006c5800000,0x00000006c6b0cfe0,0x00000006cf800000)
 Metaspace       used 56512K, capacity 59082K, committed 59096K, reserved 1099776K
  class space    used 7600K, capacity 8056K, committed 8064K, reserved 1048576K
Event: 9.619 GC heap after
Heap after GC invocations=12 (full 3):
 PSYoungGen      total 224256K, used 0K [0x000000076c800000, 0x000000077f080000, 0x00000007c0000000)
  eden space 210944K, 0% used [0x000000076c800000,0x000000076c800000,0x0000000779600000)
  from space 13312K, 0% used [0x0000000779600000,0x0000000779600000,0x000000077a300000)
  to   space 15872K, 0% used [0x000000077e100000,0x000000077e100000,0x000000077f080000)
 ParOldGen       total 227840K, used 24900K [0x00000006c5800000, 0x00000006d3680000, 0x000000076c800000)
  object space 227840K, 10% used [0x00000006c5800000,0x00000006c7051090,0x00000006d3680000)
 Metaspace       used 56512K, capacity 59082K, committed 59096K, reserved 1099776K
  class space    used 7600K, capacity 8056K, committed 8064K, reserved 1048576K
}
Event: 12.216 GC heap before
{Heap before GC invocations=13 (full 3):
 PSYoungGen      total 224256K, used 210944K [0x000000076c800000, 0x000000077f080000, 0x00000007c0000000)
  eden space 210944K, 100% used [0x000000076c800000,0x0000000779600000,0x0000000779600000)
  from space 13312K, 0% used [0x0000000779600000,0x0000000779600000,0x000000077a300000)
  to   space 15872K, 0% used [0x000000077e100000,0x000000077e100000,0x000000077f080000)
 ParOldGen       total 227840K, used 24900K [0x00000006c5800000, 0x00000006d3680000, 0x000000076c800000)
  object space 227840K, 10% used [0x00000006c5800000,0x00000006c7051090,0x00000006d3680000)
 Metaspace       used 64135K, capacity 67896K, committed 67968K, reserved 1107968K
  class space    used 8706K, capacity 9293K, committed 9344K, reserved 1048576K
Event: 12.246 GC heap after
Heap after GC invocations=13 (full 3):
 PSYoungGen      total 272896K, used 12612K [0x000000076c800000, 0x000000077ed80000, 0x00000007c0000000)
  eden space 260096K, 0% used [0x000000076c800000,0x000000076c800000,0x000000077c600000)
  from space 12800K, 98% used [0x000000077e100000,0x000000077ed51258,0x000000077ed80000)
  to   space 16384K, 0% used [0x000000077cd80000,0x000000077cd80000,0x000000077dd80000)
 ParOldGen       total 227840K, used 24900K [0x00000006c5800000, 0x00000006d3680000, 0x000000076c800000)
  object space 227840K, 10% used [0x00000006c5800000,0x00000006c7051090,0x00000006d3680000)
 Metaspace       used 64135K, capacity 67896K, committed 67968K, reserved 1107968K
  class space    used 8706K, capacity 9293K, committed 9344K, reserved 1048576K
}

