# JRE version: Java(TM) SE Runtime Environment (8.0_60-b27) (build 1.8.0_60-b27)
# Java VM: Java HotSpot(TM) 64-Bit Server VM (25.60-b23 mixed mode windows-amd64 compressed oops)
Heap:
 PSYoungGen      total 242688K, used 122823K [0x000000076c800000, 0x000000077c880000, 0x00000007c0000000)
  eden space 229888K, 48% used [0x000000076c800000,0x0000000773462310,0x000000077a880000)
  from space 12800K, 92% used [0x000000077bc00000,0x000000077c78fc18,0x000000077c880000)
  to   space 16384K, 0% used [0x000000077a880000,0x000000077a880000,0x000000077b880000)
 ParOldGen       total 240128K, used 24376K [0x00000006c5800000, 0x00000006d4280000, 0x000000076c800000)
  object space 240128K, 10% used [0x00000006c5800000,0x00000006c6fce2a8,0x00000006d4280000)
 Metaspace       used 69698K, capacity 73692K, committed 73856K, reserved 1114112K
  class space    used 9410K, capacity 10055K, committed 10112K, reserved 1048576K
GC Heap History (10 events):
Event: 7.635 GC heap before
{Heap before GC invocations=9 (full 2):
 PSYoungGen      total 161280K, used 152576K [0x000000076c800000, 0x0000000779380000, 0x00000007c0000000)
  eden space 152576K, 100% used [0x000000076c800000,0x0000000775d00000,0x0000000775d00000)
  from space 8704K, 0% used [0x0000000776800000,0x0000000776800000,0x0000000777080000)
  to   space 11264K, 0% used [0x0000000775d00000,0x0000000775d00000,0x0000000776800000)
 ParOldGen       total 166912K, used 15316K [0x00000006c5800000, 0x00000006cfb00000, 0x000000076c800000)
  object space 166912K, 9% used [0x00000006c5800000,0x00000006c66f5360,0x00000006cfb00000)
 Metaspace       used 40516K, capacity 42818K, committed 43008K, reserved 1087488K
  class space    used 5167K, capacity 5571K, committed 5632K, reserved 1048576K
Event: 7.645 GC heap after
Heap after GC invocations=9 (full 2):
 PSYoungGen      total 163840K, used 9187K [0x000000076c800000, 0x000000077a200000, 0x00000007c0000000)
  eden space 152576K, 0% used [0x000000076c800000,0x000000076c800000,0x0000000775d00000)
  from space 11264K, 81% used [0x0000000775d00000,0x00000007765f8f78,0x0000000776800000)
  to   space 11776K, 0% used [0x0000000779680000,0x0000000779680000,0x000000077a200000)
 ParOldGen       total 166912K, used 15324K [0x00000006c5800000, 0x00000006cfb00000, 0x000000076c800000)
  object space 166912K, 9% used [0x00000006c5800000,0x00000006c66f7360,0x00000006cfb00000)
 Metaspace       used 40516K, capacity 42818K, committed 43008K, reserved 1087488K
  class space    used 5167K, capacity 5571K, committed 5632K, reserved 1048576K
}
Event: 8.936 GC heap before
{Heap before GC invocations=10 (full 2):
 PSYoungGen      total 163840K, used 161763K [0x000000076c800000, 0x000000077a200000, 0x00000007c0000000)
  eden space 152576K, 100% used [0x000000076c800000,0x0000000775d00000,0x0000000775d00000)
  from space 11264K, 81% used [0x0000000775d00000,0x00000007765f8f78,0x0000000776800000)
  to   space 11776K, 0% used [0x0000000779680000,0x0000000779680000,0x000000077a200000)
 ParOldGen       total 166912K, used 15324K [0x00000006c5800000, 0x00000006cfb00000, 0x000000076c800000)
  object space 166912K, 9% used [0x00000006c5800000,0x00000006c66f7360,0x00000006cfb00000)
 Metaspace       used 48325K, capacity 50726K, committed 50944K, reserved 1093632K
  class space    used 6446K, capacity 6844K, committed 6912K, reserved 1048576K
Event: 8.949 GC heap after
Heap after GC invocations=10 (full 2):
 PSYoungGen      total 208896K, used 11756K [0x000000076c800000, 0x000000077a380000, 0x00000007c0000000)
  eden space 197120K, 0% used [0x000000076c800000,0x000000076c800000,0x0000000778880000)
  from space 11776K, 99% used [0x0000000779680000,0x000000077a1fb3b8,0x000000077a200000)
  to   space 13824K, 0% used [0x0000000778880000,0x0000000778880000,0x0000000779600000)
 ParOldGen       total 166912K, used 17100K [0x00000006c5800000, 0x00000006cfb00000, 0x000000076c800000)
  object space 166912K, 10% used [0x00000006c5800000,0x00000006c68b3160,0x00000006cfb00000)
 Metaspace       used 48325K, capacity 50726K, committed 50944K, reserved 1093632K
  class space    used 6446K, capacity 6844K, committed 6912K, reserved 1048576K
}
Event: 10.219 GC heap before
{Heap before GC invocations=11 (full 2):
 PSYoungGen      total 208896K, used 164662K [0x000000076c800000, 0x000000077a380000, 0x00000007c0000000)
  eden space 197120K, 77% used [0x000000076c800000,0x0000000775d527c0,0x0000000778880000)
  from space 11776K, 99% used [0x0000000779680000,0x000000077a1fb3b8,0x000000077a200000)
  to   space 13824K, 0% used [0x0000000778880000,0x0000000778880000,0x0000000779600000)
 ParOldGen       total 166912K, used 17100K [0x00000006c5800000, 0x00000006cfb00000, 0x000000076c800000)
  object space 166912K, 10% used [0x00000006c5800000,0x00000006c68b3160,0x00000006cfb00000)
 Metaspace       used 56505K, capacity 59082K, committed 59096K, reserved 1099776K
  class space    used 7595K, capacity 8056K, committed 8064K, reserved 1048576K
Event: 10.243 GC heap after
Heap after GC invocations=11 (full 2):
 PSYoungGen      total 210944K, used 13820K [0x000000076c800000, 0x000000077cb80000, 0x00000007c0000000)
  eden space 197120K, 0% used [0x000000076c800000,0x000000076c800000,0x0000000778880000)
  from space 13824K, 99% used [0x0000000778880000,0x00000007795ff228,0x0000000779600000)
  to   space 15872K, 0% used [0x000000077bc00000,0x000000077bc00000,0x000000077cb80000)
 ParOldGen       total 166912K, used 18194K [0x00000006c5800000, 0x00000006cfb00000, 0x000000076c800000)
  object space 166912K, 10% used [0x00000006c5800000,0x00000006c69c4a88,0x00000006cfb00000)
 Metaspace       used 56505K, capacity 59082K, committed 59096K, reserved 1099776K
  class space    used 7595K, capacity 8056K, committed 8064K, reserved 1048576K
}
Event: 10.243 GC heap before
{Heap before GC invocations=12 (full 3):
 PSYoungGen      total 210944K, used 13820K [0x000000076c800000, 0x000000077cb80000, 0x00000007c0000000)
  eden space 197120K, 0% used [0x000000076c800000,0x000000076c800000,0x0000000778880000)
  from space 13824K, 99% used [0x0000000778880000,0x00000007795ff228,0x0000000779600000)
  to   space 15872K, 0% used [0x000000077bc00000,0x000000077bc00000,0x000000077cb80000)
 ParOldGen       total 166912K, used 18194K [0x00000006c5800000, 0x00000006cfb00000, 0x000000076c800000)
  object space 166912K, 10% used [0x00000006c5800000,0x00000006c69c4a88,0x00000006cfb00000)
 Metaspace       used 56505K, capacity 59082K, committed 59096K, reserved 1099776K
  class space    used 7595K, capacity 8056K, committed 8064K, reserved 1048576K
Event: 10.412 GC heap after
Heap after GC invocations=12 (full 3):
 PSYoungGen      total 210944K, used 0K [0x000000076c800000, 0x000000077cb80000, 0x00000007c0000000)
  eden space 197120K, 0% used [0x000000076c800000,0x000000076c800000,0x0000000778880000)
  from space 13824K, 0% used [0x0000000778880000,0x0000000778880000,0x0000000779600000)
  to   space 15872K, 0% used [0x000000077bc00000,0x000000077bc00000,0x000000077cb80000)
 ParOldGen       total 240128K, used 24376K [0x00000006c5800000, 0x00000006d4280000, 0x000000076c800000)
  object space 240128K, 10% used [0x00000006c5800000,0x00000006c6fce2a8,0x00000006d4280000)
 Metaspace       used 56505K, capacity 59082K, committed 59096K, reserved 1099776K
  class space    used 7595K, capacity 8056K, committed 8064K, reserved 1048576K
}
Event: 13.331 GC heap before
{Heap before GC invocations=13 (full 3):
 PSYoungGen      total 210944K, used 197120K [0x000000076c800000, 0x000000077cb80000, 0x00000007c0000000)
  eden space 197120K, 100% used [0x000000076c800000,0x0000000778880000,0x0000000778880000)
  from space 13824K, 0% used [0x0000000778880000,0x0000000778880000,0x0000000779600000)
  to   space 15872K, 0% used [0x000000077bc00000,0x000000077bc00000,0x000000077cb80000)
 ParOldGen       total 240128K, used 24376K [0x00000006c5800000, 0x00000006d4280000, 0x000000076c800000)
  object space 240128K, 10% used [0x00000006c5800000,0x00000006c6fce2a8,0x00000006d4280000)
 Metaspace       used 63709K, capacity 67348K, committed 67712K, reserved 1107968K
  class space    used 8632K, capacity 9231K, committed 9344K, reserved 1048576K
Event: 13.357 GC heap after
Heap after GC invocations=13 (full 3):
 PSYoungGen      total 242688K, used 11839K [0x000000076c800000, 0x000000077c880000, 0x00000007c0000000)
  eden space 229888K, 0% used [0x000000076c800000,0x000000076c800000,0x000000077a880000)
  from space 12800K, 92% used [0x000000077bc00000,0x000000077c78fc18,0x000000077c880000)
  to   space 16384K, 0% used [0x000000077a880000,0x000000077a880000,0x000000077b880000)
 ParOldGen       total 240128K, used 24376K [0x00000006c5800000, 0x00000006d4280000, 0x000000076c800000)
  object space 240128K, 10% used [0x00000006c5800000,0x00000006c6fce2a8,0x00000006d4280000)
 Metaspace       used 63709K, capacity 67348K, committed 67712K, reserved 1107968K
  class space    used 8632K, capacity 9231K, committed 9344K, reserved 1048576K
}

