# JRE version: Java(TM) SE Runtime Environment (8.0_60-b27) (build 1.8.0_60-b27)
# Java VM: Java HotSpot(TM) 64-Bit Server VM (25.60-b23 mixed mode windows-amd64 compressed oops)
Heap:
 PSYoungGen      total 365568K, used 304591K [0x000000076c800000, 0x000000078dc80000, 0x00000007c0000000)
  eden space 348672K, 87% used [0x000000076c800000,0x000000077f173f20,0x0000000781c80000)
  from space 16896K, 0% used [0x0000000781c80000,0x0000000781c80000,0x0000000782d00000)
  to   space 16384K, 0% used [0x000000078cc80000,0x000000078cc80000,0x000000078dc80000)
 ParOldGen       total 141312K, used 18665K [0x00000006c5800000, 0x00000006ce200000, 0x000000076c800000)
  object space 141312K, 13% used [0x00000006c5800000,0x00000006c6a3a630,0x00000006ce200000)
 Metaspace       used 67542K, capacity 71524K, committed 71768K, reserved 1112064K
  class space    used 9166K, capacity 9803K, committed 9856K, reserved 1048576K
GC Heap History (10 events):
Event: 5.228 GC heap before
{Heap before GC invocations=8 (full 2):
 PSYoungGen      total 232960K, used 9711K [0x000000076c800000, 0x000000077ba80000, 0x00000007c0000000)
  eden space 223232K, 0% used [0x000000076c800000,0x000000076c800000,0x000000077a200000)
  from space 9728K, 99% used [0x000000077b100000,0x000000077ba7bea0,0x000000077ba80000)
  to   space 11776K, 0% used [0x000000077a380000,0x000000077a380000,0x000000077af00000)
 ParOldGen       total 82432K, used 6377K [0x00000006c5800000, 0x00000006ca880000, 0x000000076c800000)
  object space 82432K, 7% used [0x00000006c5800000,0x00000006c5e3a748,0x00000006ca880000)
 Metaspace       used 33313K, capacity 35316K, committed 35416K, reserved 1079296K
  class space    used 4318K, capacity 4666K, committed 4736K, reserved 1048576K
Event: 5.310 GC heap after
Heap after GC invocations=8 (full 2):
 PSYoungGen      total 232960K, used 0K [0x000000076c800000, 0x000000077ba80000, 0x00000007c0000000)
  eden space 223232K, 0% used [0x000000076c800000,0x000000076c800000,0x000000077a200000)
  from space 9728K, 0% used [0x000000077b100000,0x000000077b100000,0x000000077ba80000)
  to   space 11776K, 0% used [0x000000077a380000,0x000000077a380000,0x000000077af00000)
 ParOldGen       total 121856K, used 15043K [0x00000006c5800000, 0x00000006ccf00000, 0x000000076c800000)
  object space 121856K, 12% used [0x00000006c5800000,0x00000006c66b0cd8,0x00000006ccf00000)
 Metaspace       used 33313K, capacity 35316K, committed 35416K, reserved 1079296K
  class space    used 4318K, capacity 4666K, committed 4736K, reserved 1048576K
}
Event: 7.083 GC heap before
{Heap before GC invocations=9 (full 2):
 PSYoungGen      total 232960K, used 223232K [0x000000076c800000, 0x000000077ba80000, 0x00000007c0000000)
  eden space 223232K, 100% used [0x000000076c800000,0x000000077a200000,0x000000077a200000)
  from space 9728K, 0% used [0x000000077b100000,0x000000077b100000,0x000000077ba80000)
  to   space 11776K, 0% used [0x000000077a380000,0x000000077a380000,0x000000077af00000)
 ParOldGen       total 121856K, used 15043K [0x00000006c5800000, 0x00000006ccf00000, 0x000000076c800000)
  object space 121856K, 12% used [0x00000006c5800000,0x00000006c66b0cd8,0x00000006ccf00000)
 Metaspace       used 43558K, capacity 45936K, committed 46168K, reserved 1089536K
  class space    used 5819K, capacity 6219K, committed 6272K, reserved 1048576K
Event: 7.101 GC heap after
Heap after GC invocations=9 (full 2):
 PSYoungGen      total 236544K, used 11754K [0x000000076c800000, 0x0000000783d80000, 0x00000007c0000000)
  eden space 224768K, 0% used [0x000000076c800000,0x000000076c800000,0x000000077a380000)
  from space 11776K, 99% used [0x000000077a380000,0x000000077aefa960,0x000000077af00000)
  to   space 13824K, 0% used [0x0000000783000000,0x0000000783000000,0x0000000783d80000)
 ParOldGen       total 121856K, used 15534K [0x00000006c5800000, 0x00000006ccf00000, 0x000000076c800000)
  object space 121856K, 12% used [0x00000006c5800000,0x00000006c672b858,0x00000006ccf00000)
 Metaspace       used 43558K, capacity 45936K, committed 46168K, reserved 1089536K
  class space    used 5819K, capacity 6219K, committed 6272K, reserved 1048576K
}
Event: 9.250 GC heap before
{Heap before GC invocations=10 (full 2):
 PSYoungGen      total 236544K, used 236522K [0x000000076c800000, 0x0000000783d80000, 0x00000007c0000000)
  eden space 224768K, 100% used [0x000000076c800000,0x000000077a380000,0x000000077a380000)
  from space 11776K, 99% used [0x000000077a380000,0x000000077aefa960,0x000000077af00000)
  to   space 13824K, 0% used [0x0000000783000000,0x0000000783000000,0x0000000783d80000)
 ParOldGen       total 121856K, used 15534K [0x00000006c5800000, 0x00000006ccf00000, 0x000000076c800000)
  object space 121856K, 12% used [0x00000006c5800000,0x00000006c672b858,0x00000006ccf00000)
 Metaspace       used 55547K, capacity 58674K, committed 58840K, reserved 1099776K
  class space    used 7563K, capacity 8090K, committed 8192K, reserved 1048576K
Event: 9.272 GC heap after
Heap after GC invocations=10 (full 2):
 PSYoungGen      total 360960K, used 13795K [0x000000076c800000, 0x0000000783d80000, 0x00000007c0000000)
  eden space 347136K, 0% used [0x000000076c800000,0x000000076c800000,0x0000000781b00000)
  from space 13824K, 99% used [0x0000000783000000,0x0000000783d78dc0,0x0000000783d80000)
  to   space 16896K, 0% used [0x0000000781c80000,0x0000000781c80000,0x0000000782d00000)
 ParOldGen       total 121856K, used 18701K [0x00000006c5800000, 0x00000006ccf00000, 0x000000076c800000)
  object space 121856K, 15% used [0x00000006c5800000,0x00000006c6a437b8,0x00000006ccf00000)
 Metaspace       used 55547K, capacity 58674K, committed 58840K, reserved 1099776K
  class space    used 7563K, capacity 8090K, committed 8192K, reserved 1048576K
}
Event: 9.320 GC heap before
{Heap before GC invocations=11 (full 2):
 PSYoungGen      total 360960K, used 20456K [0x000000076c800000, 0x0000000783d80000, 0x00000007c0000000)
  eden space 347136K, 1% used [0x000000076c800000,0x000000076ce81638,0x0000000781b00000)
  from space 13824K, 99% used [0x0000000783000000,0x0000000783d78dc0,0x0000000783d80000)
  to   space 16896K, 0% used [0x0000000781c80000,0x0000000781c80000,0x0000000782d00000)
 ParOldGen       total 121856K, used 18701K [0x00000006c5800000, 0x00000006ccf00000, 0x000000076c800000)
  object space 121856K, 15% used [0x00000006c5800000,0x00000006c6a437b8,0x00000006ccf00000)
 Metaspace       used 55816K, capacity 58940K, committed 59028K, reserved 1099776K
  class space    used 7610K, capacity 8133K, committed 8192K, reserved 1048576K
Event: 9.337 GC heap after
Heap after GC invocations=11 (full 2):
 PSYoungGen      total 365568K, used 8072K [0x000000076c800000, 0x000000078dc80000, 0x00000007c0000000)
  eden space 348672K, 0% used [0x000000076c800000,0x000000076c800000,0x0000000781c80000)
  from space 16896K, 47% used [0x0000000781c80000,0x00000007824620c0,0x0000000782d00000)
  to   space 16384K, 0% used [0x000000078cc80000,0x000000078cc80000,0x000000078dc80000)
 ParOldGen       total 121856K, used 18701K [0x00000006c5800000, 0x00000006ccf00000, 0x000000076c800000)
  object space 121856K, 15% used [0x00000006c5800000,0x00000006c6a437b8,0x00000006ccf00000)
 Metaspace       used 55816K, capacity 58940K, committed 59028K, reserved 1099776K
  class space    used 7610K, capacity 8133K, committed 8192K, reserved 1048576K
}
Event: 9.337 GC heap before
{Heap before GC invocations=12 (full 3):
 PSYoungGen      total 365568K, used 8072K [0x000000076c800000, 0x000000078dc80000, 0x00000007c0000000)
  eden space 348672K, 0% used [0x000000076c800000,0x000000076c800000,0x0000000781c80000)
  from space 16896K, 47% used [0x0000000781c80000,0x00000007824620c0,0x0000000782d00000)
  to   space 16384K, 0% used [0x000000078cc80000,0x000000078cc80000,0x000000078dc80000)
 ParOldGen       total 121856K, used 18701K [0x00000006c5800000, 0x00000006ccf00000, 0x000000076c800000)
  object space 121856K, 15% used [0x00000006c5800000,0x00000006c6a437b8,0x00000006ccf00000)
 Metaspace       used 55816K, capacity 58940K, committed 59028K, reserved 1099776K
  class space    used 7610K, capacity 8133K, committed 8192K, reserved 1048576K
Event: 9.474 GC heap after
Heap after GC invocations=12 (full 3):
 PSYoungGen      total 365568K, used 0K [0x000000076c800000, 0x000000078dc80000, 0x00000007c0000000)
  eden space 348672K, 0% used [0x000000076c800000,0x000000076c800000,0x0000000781c80000)
  from space 16896K, 0% used [0x0000000781c80000,0x0000000781c80000,0x0000000782d00000)
  to   space 16384K, 0% used [0x000000078cc80000,0x000000078cc80000,0x000000078dc80000)
 ParOldGen       total 141312K, used 18665K [0x00000006c5800000, 0x00000006ce200000, 0x000000076c800000)
  object space 141312K, 13% used [0x00000006c5800000,0x00000006c6a3a630,0x00000006ce200000)
 Metaspace       used 55816K, capacity 58940K, committed 59028K, reserved 1099776K
  class space    used 7610K, capacity 8133K, committed 8192K, reserved 1048576K
}

